# JRE version: OpenJDK Runtime Environment Temurin-21.0.3+9 (21.0.3+9) (build 21.0.3+9-LTS)
# Java VM: OpenJDK 64-Bit Server VM Temurin-21.0.3+9 (21.0.3+9-LTS, mixed mode, emulated-client, tiered, compressed oops, compressed class ptrs, g1 gc, windows-amd64)
GC Precious Log:
 CardTable entry size: 512
 Card Set container configuration: InlinePtr #cards 5 size 8 Array Of Cards #cards 12 size 40 Howl #buckets 4 coarsen threshold 1843 Howl Bitmap #cards 512 size 80 coarsen threshold 460 Card regions per heap region 1 cards per card region 2048
 CPUs: 8 total, 8 available
 Memory: 7865M
 Large Page Support: Disabled
 NUMA Support: Disabled
 Compressed Oops: Enabled (32-bit)
 Heap Region Size: 1M
 Heap Min Capacity: 8M
 Heap Initial Capacity: 124M
 Heap Max Capacity: 1968M
 Pre-touch: Disabled
 Parallel Workers: 8
 Concurrent Workers: 2
 Concurrent Refinement Workers: 8
 Periodic GC: Disabled
Heap:
 garbage-first heap   total 96256K, used 71182K [0x0000000085000000, 0x0000000100000000)
  region size 1024K, 44 young (45056K), 5 survivors (5120K)
 Metaspace       used 87379K, committed 88128K, reserved 1179648K
  class space    used 11807K, committed 12160K, reserved 1048576K
GC Heap History (20 events):
Event: 40188.179 GC heap before
{Heap before GC invocations=55 (full 0):
 garbage-first heap   total 103424K, used 94519K [0x0000000085000000, 0x0000000100000000)
  region size 1024K, 60 young (61440K), 1 survivors (1024K)
 Metaspace       used 84560K, committed 85184K, reserved 1179648K
  class space    used 11460K, committed 11776K, reserved 1048576K
}
Event: 40188.190 GC heap after
{Heap after GC invocations=56 (full 0):
 garbage-first heap   total 103424K, used 35762K [0x0000000085000000, 0x0000000100000000)
  region size 1024K, 2 young (2048K), 2 survivors (2048K)
 Metaspace       used 84560K, committed 85184K, reserved 1179648K
  class space    used 11460K, committed 11776K, reserved 1048576K
}
Event: 40718.546 GC heap before
{Heap before GC invocations=56 (full 0):
 garbage-first heap   total 103424K, used 94130K [0x0000000085000000, 0x0000000100000000)
  region size 1024K, 59 young (60416K), 2 survivors (2048K)
 Metaspace       used 84562K, committed 85184K, reserved 1179648K
  class space    used 11461K, committed 11776K, reserved 1048576K
}
Event: 40718.579 GC heap after
{Heap after GC invocations=57 (full 0):
 garbage-first heap   total 103424K, used 34780K [0x0000000085000000, 0x0000000100000000)
  region size 1024K, 1 young (1024K), 1 survivors (1024K)
 Metaspace       used 84562K, committed 85184K, reserved 1179648K
  class space    used 11461K, committed 11776K, reserved 1048576K
}
Event: 41160.968 GC heap before
{Heap before GC invocations=57 (full 0):
 garbage-first heap   total 103424K, used 95196K [0x0000000085000000, 0x0000000100000000)
  region size 1024K, 60 young (61440K), 1 survivors (1024K)
 Metaspace       used 84728K, committed 85440K, reserved 1179648K
  class space    used 11496K, committed 11840K, reserved 1048576K
}
Event: 41160.990 GC heap after
{Heap after GC invocations=58 (full 0):
 garbage-first heap   total 103424K, used 35396K [0x0000000085000000, 0x0000000100000000)
  region size 1024K, 2 young (2048K), 2 survivors (2048K)
 Metaspace       used 84728K, committed 85440K, reserved 1179648K
  class space    used 11496K, committed 11840K, reserved 1048576K
}
Event: 41698.576 GC heap before
{Heap before GC invocations=59 (full 0):
 garbage-first heap   total 103424K, used 93764K [0x0000000085000000, 0x0000000100000000)
  region size 1024K, 59 young (60416K), 2 survivors (2048K)
 Metaspace       used 84719K, committed 85440K, reserved 1179648K
  class space    used 11494K, committed 11840K, reserved 1048576K
}
Event: 41698.582 GC heap after
{Heap after GC invocations=60 (full 0):
 garbage-first heap   total 103424K, used 34810K [0x0000000085000000, 0x0000000100000000)
  region size 1024K, 1 young (1024K), 1 survivors (1024K)
 Metaspace       used 84719K, committed 85440K, reserved 1179648K
  class space    used 11494K, committed 11840K, reserved 1048576K
}
Event: 42028.405 GC heap before
{Heap before GC invocations=60 (full 0):
 garbage-first heap   total 103424K, used 72698K [0x0000000085000000, 0x0000000100000000)
  region size 1024K, 39 young (39936K), 1 survivors (1024K)
 Metaspace       used 84851K, committed 85632K, reserved 1179648K
  class space    used 11525K, committed 11904K, reserved 1048576K
}
Event: 42028.504 GC heap after
{Heap after GC invocations=61 (full 1):
 garbage-first heap   total 96256K, used 26031K [0x0000000085000000, 0x0000000100000000)
  region size 1024K, 0 young (0K), 0 survivors (0K)
 Metaspace       used 84707K, committed 85632K, reserved 1179648K
  class space    used 11490K, committed 11904K, reserved 1048576K
}
Event: 42029.806 GC heap before
{Heap before GC invocations=61 (full 1):
 garbage-first heap   total 96256K, used 77231K [0x0000000085000000, 0x0000000100000000)
  region size 1024K, 52 young (53248K), 0 survivors (0K)
 Metaspace       used 85145K, committed 85888K, reserved 1179648K
  class space    used 11572K, committed 11904K, reserved 1048576K
}
Event: 42029.816 GC heap after
{Heap after GC invocations=62 (full 1):
 garbage-first heap   total 96256K, used 31484K [0x0000000085000000, 0x0000000100000000)
  region size 1024K, 6 young (6144K), 6 survivors (6144K)
 Metaspace       used 85145K, committed 85888K, reserved 1179648K
  class space    used 11572K, committed 11904K, reserved 1048576K
}
Event: 42030.430 GC heap before
{Heap before GC invocations=63 (full 1):
 garbage-first heap   total 96256K, used 79612K [0x0000000085000000, 0x0000000100000000)
  region size 1024K, 54 young (55296K), 6 survivors (6144K)
 Metaspace       used 85804K, committed 86528K, reserved 1179648K
  class space    used 11649K, committed 11968K, reserved 1048576K
}
Event: 42030.438 GC heap after
{Heap after GC invocations=64 (full 1):
 garbage-first heap   total 96256K, used 36005K [0x0000000085000000, 0x0000000100000000)
  region size 1024K, 5 young (5120K), 5 survivors (5120K)
 Metaspace       used 85804K, committed 86528K, reserved 1179648K
  class space    used 11649K, committed 11968K, reserved 1048576K
}
Event: 42030.516 GC heap before
{Heap before GC invocations=64 (full 1):
 garbage-first heap   total 96256K, used 43173K [0x0000000085000000, 0x0000000100000000)
  region size 1024K, 13 young (13312K), 5 survivors (5120K)
 Metaspace       used 85973K, committed 86720K, reserved 1179648K
  class space    used 11667K, committed 12032K, reserved 1048576K
}
Event: 42030.521 GC heap after
{Heap after GC invocations=65 (full 1):
 garbage-first heap   total 96256K, used 36920K [0x0000000085000000, 0x0000000100000000)
  region size 1024K, 2 young (2048K), 2 survivors (2048K)
 Metaspace       used 85973K, committed 86720K, reserved 1179648K
  class space    used 11667K, committed 12032K, reserved 1048576K
}
Event: 42039.625 GC heap before
{Heap before GC invocations=66 (full 1):
 garbage-first heap   total 96256K, used 70712K [0x0000000085000000, 0x0000000100000000)
  region size 1024K, 36 young (36864K), 2 survivors (2048K)
 Metaspace       used 86544K, committed 87360K, reserved 1179648K
  class space    used 11708K, committed 12096K, reserved 1048576K
}
Event: 42039.684 GC heap after
{Heap after GC invocations=67 (full 2):
 garbage-first heap   total 96256K, used 27769K [0x0000000085000000, 0x0000000100000000)
  region size 1024K, 0 young (0K), 0 survivors (0K)
 Metaspace       used 86413K, committed 87360K, reserved 1179648K
  class space    used 11678K, committed 12096K, reserved 1048576K
}
Event: 42040.565 GC heap before
{Heap before GC invocations=67 (full 2):
 garbage-first heap   total 96256K, used 79993K [0x0000000085000000, 0x0000000100000000)
  region size 1024K, 52 young (53248K), 0 survivors (0K)
 Metaspace       used 86867K, committed 87616K, reserved 1179648K
  class space    used 11748K, committed 12096K, reserved 1048576K
}
Event: 42040.572 GC heap after
{Heap after GC invocations=68 (full 2):
 garbage-first heap   total 96256K, used 32270K [0x0000000085000000, 0x0000000100000000)
  region size 1024K, 5 young (5120K), 5 survivors (5120K)
 Metaspace       used 86867K, committed 87616K, reserved 1179648K
  class space    used 11748K, committed 12096K, reserved 1048576K
}

